  Project.cpp
E:\3FIE\Discrete Mathematics and Graph Theory\Project\N3_TranQuocHuy_LeVuKhang\Project\Project\Project.cpp(105,11): warning C4267: 'initializing': conversion from 'size_t' to 'int', possible loss of data
E:\3FIE\Discrete Mathematics and Graph Theory\Project\N3_TranQuocHuy_LeVuKhang\Project\Project\Project.cpp(162,28): warning C4267: '=': conversion from 'size_t' to 'int', possible loss of data
E:\3FIE\Discrete Mathematics and Graph Theory\Project\N3_TranQuocHuy_LeVuKhang\Project\Project\Project.cpp(179,28): warning C4267: '=': conversion from 'size_t' to 'int', possible loss of data
E:\3FIE\Discrete Mathematics and Graph Theory\Project\N3_TranQuocHuy_LeVuKhang\Project\Project\Project.cpp(240,53): warning C4267: 'argument': conversion from 'size_t' to 'const _Ty', possible loss of data
E:\3FIE\Discrete Mathematics and Graph Theory\Project\N3_TranQuocHuy_LeVuKhang\Project\Project\Project.cpp(240,53): warning C4267:         with
E:\3FIE\Discrete Mathematics and Graph Theory\Project\N3_TranQuocHuy_LeVuKhang\Project\Project\Project.cpp(240,53): warning C4267:         [
E:\3FIE\Discrete Mathematics and Graph Theory\Project\N3_TranQuocHuy_LeVuKhang\Project\Project\Project.cpp(240,53): warning C4267:             _Ty=int
E:\3FIE\Discrete Mathematics and Graph Theory\Project\N3_TranQuocHuy_LeVuKhang\Project\Project\Project.cpp(240,53): warning C4267:         ]
E:\3FIE\Discrete Mathematics and Graph Theory\Project\N3_TranQuocHuy_LeVuKhang\Project\Project\Project.cpp(240,80): warning C4267: 'argument': conversion from 'size_t' to 'const _Ty', possible loss of data
E:\3FIE\Discrete Mathematics and Graph Theory\Project\N3_TranQuocHuy_LeVuKhang\Project\Project\Project.cpp(240,80): warning C4267:         with
E:\3FIE\Discrete Mathematics and Graph Theory\Project\N3_TranQuocHuy_LeVuKhang\Project\Project\Project.cpp(240,80): warning C4267:         [
E:\3FIE\Discrete Mathematics and Graph Theory\Project\N3_TranQuocHuy_LeVuKhang\Project\Project\Project.cpp(240,80): warning C4267:             _Ty=int
E:\3FIE\Discrete Mathematics and Graph Theory\Project\N3_TranQuocHuy_LeVuKhang\Project\Project\Project.cpp(240,80): warning C4267:         ]
C:\Program Files\Microsoft Visual Studio\2022\Community\VC\Tools\MSVC\14.44.35207\include\utility(274,16): warning C4244: 'initializing': conversion from '_Ty' to '_Ty1', possible loss of data
C:\Program Files\Microsoft Visual Studio\2022\Community\VC\Tools\MSVC\14.44.35207\include\utility(274,16): warning C4244:         with
C:\Program Files\Microsoft Visual Studio\2022\Community\VC\Tools\MSVC\14.44.35207\include\utility(274,16): warning C4244:         [
C:\Program Files\Microsoft Visual Studio\2022\Community\VC\Tools\MSVC\14.44.35207\include\utility(274,16): warning C4244:             _Ty=int
C:\Program Files\Microsoft Visual Studio\2022\Community\VC\Tools\MSVC\14.44.35207\include\utility(274,16): warning C4244:         ]
C:\Program Files\Microsoft Visual Studio\2022\Community\VC\Tools\MSVC\14.44.35207\include\utility(274,16): warning C4244:         and
C:\Program Files\Microsoft Visual Studio\2022\Community\VC\Tools\MSVC\14.44.35207\include\utility(274,16): warning C4244:         [
C:\Program Files\Microsoft Visual Studio\2022\Community\VC\Tools\MSVC\14.44.35207\include\utility(274,16): warning C4244:             _Ty1=float
C:\Program Files\Microsoft Visual Studio\2022\Community\VC\Tools\MSVC\14.44.35207\include\utility(274,16): warning C4244:         ]
  (compiling source file 'Project.cpp')
      C:\Program Files\Microsoft Visual Studio\2022\Community\VC\Tools\MSVC\14.44.35207\include\utility(274,16):
      the template instantiation context (the oldest one first) is
          E:\3FIE\Discrete Mathematics and Graph Theory\Project\N3_TranQuocHuy_LeVuKhang\Project\Project\Project.cpp(111,13):
          see reference to function template instantiation 'std::pair<float,int>::pair<int,int&,0>(_Other1 &&,_Other2) noexcept' being compiled
          with
          [
              _Other1=int,
              _Other2=int &
          ]
              E:\3FIE\Discrete Mathematics and Graph Theory\Project\N3_TranQuocHuy_LeVuKhang\Project\Project\Project.cpp(111,12):
              see the first reference to 'std::pair<float,int>::pair' in 'dijkstra'
  
C:\Program Files\Microsoft Visual Studio\2022\Community\VC\Tools\MSVC\14.44.35207\include\utility(274,54): warning C4267: 'initializing': conversion from 'size_t' to '_Ty2', possible loss of data
C:\Program Files\Microsoft Visual Studio\2022\Community\VC\Tools\MSVC\14.44.35207\include\utility(274,54): warning C4267:         with
C:\Program Files\Microsoft Visual Studio\2022\Community\VC\Tools\MSVC\14.44.35207\include\utility(274,54): warning C4267:         [
C:\Program Files\Microsoft Visual Studio\2022\Community\VC\Tools\MSVC\14.44.35207\include\utility(274,54): warning C4267:             _Ty2=int
C:\Program Files\Microsoft Visual Studio\2022\Community\VC\Tools\MSVC\14.44.35207\include\utility(274,54): warning C4267:         ]
  (compiling source file 'Project.cpp')
      C:\Program Files\Microsoft Visual Studio\2022\Community\VC\Tools\MSVC\14.44.35207\include\utility(274,54):
      the template instantiation context (the oldest one first) is
          E:\3FIE\Discrete Mathematics and Graph Theory\Project\N3_TranQuocHuy_LeVuKhang\Project\Project\Project.cpp(239,23):
          see reference to function template instantiation 'void std::vector<std::pair<int,int>,std::allocator<std::pair<int,int>>>::emplace_back<int,size_t>(int &&,size_t &&)' being compiled
              E:\3FIE\Discrete Mathematics and Graph Theory\Project\N3_TranQuocHuy_LeVuKhang\Project\Project\Project.cpp(239,35):
              see the first reference to 'std::vector<std::pair<int,int>,std::allocator<std::pair<int,int>>>::emplace_back' in 'handleMouseRelease'
          C:\Program Files\Microsoft Visual Studio\2022\Community\VC\Tools\MSVC\14.44.35207\include\vector(924,24):
          see reference to function template instantiation '_Ty &std::vector<_Ty,std::allocator<_Ty>>::_Emplace_one_at_back<int,unsigned __int64>(int &&,unsigned __int64 &&)' being compiled
          with
          [
              _Ty=std::pair<int,int>
          ]
          C:\Program Files\Microsoft Visual Studio\2022\Community\VC\Tools\MSVC\14.44.35207\include\vector(845,20):
          see reference to function template instantiation '_Ty &std::vector<_Ty,std::allocator<_Ty>>::_Emplace_back_with_unused_capacity<int,unsigned __int64>(int &&,unsigned __int64 &&)' being compiled
          with
          [
              _Ty=std::pair<int,int>
          ]
          C:\Program Files\Microsoft Visual Studio\2022\Community\VC\Tools\MSVC\14.44.35207\include\vector(860,18):
          see reference to function template instantiation 'void std::_Construct_in_place<std::pair<int,int>,_Ty,unsigned __int64>(std::pair<int,int> &,_Ty &&,unsigned __int64 &&) noexcept' being compiled
          with
          [
              _Ty=int
          ]
          C:\Program Files\Microsoft Visual Studio\2022\Community\VC\Tools\MSVC\14.44.35207\include\xutility(476,61):
          see reference to function template instantiation 'std::pair<int,int>::pair<_T,unsigned __int64,0>(_Other1 &&,_Other2 &&) noexcept' being compiled
          with
          [
              _T=int,
              _Other1=int,
              _Other2=size_t
          ]
  
  Project.vcxproj -> E:\3FIE\Discrete Mathematics and Graph Theory\Project\N3_TranQuocHuy_LeVuKhang\Project\x64\Debug\Project.exe
